<?xml version="1.0" encoding="UTF-8"?>
<!-- Generated by org.testng.reporters.JUnitReportReporter -->
<testsuite hostname="hp" failures="0" tests="1" name="sampleTest.DemoTest" time="0.030" errors="0" timestamp="2022-09-09T21:51:35 IST" skipped="0">
  <testcase classname="sampleTest.DemoTest" name="demo" time="0.030"/>
  <system-out/>
</testsuite> <!-- sampleTest.DemoTest -->
